01/08/2015 08:27:36 PM A debug message has been caught.
01/08/2015 08:27:36 PM A info message has been caught.
01/08/2015 08:27:36 PM A warning has been caught.
01/08/2015 08:27:36 PM An error has been caught.
01/08/2015 08:27:36 PM A critical error has been caught.
01/08/2015 08:29:50 PM A debug message has been caught.
01/08/2015 08:29:50 PM An info message has been caught.
01/08/2015 08:29:50 PM A warning has been caught.
01/08/2015 08:29:50 PM An error has been caught.
01/08/2015 08:29:50 PM A critical error has been caught.
01/08/2015 08:30:19 PM A debug message has been caught.
01/08/2015 08:30:19 PM An info message has been caught.
01/08/2015 08:30:19 PM A warning has been caught.
01/08/2015 08:30:19 PM An error has been caught.
01/08/2015 08:30:19 PM A critical error has been caught.
01/08/2015 09:43:40 PM A message worth logging
01/08/2015 09:44:48 PM A message worth logging
01/08/2015 09:44:48 PM A message worth logging
01/08/2015 09:44:48 PM A message worth logging
01/08/2015 09:44:48 PM A message worth logging
01/08/2015 09:44:48 PM A message worth logging
01/08/2015 09:46:07 PM A message worth logging
01/08/2015 09:46:07 PM A message worth logging
01/08/2015 09:46:07 PM A message worth logging
01/08/2015 09:46:07 PM A message worth logging
01/08/2015 09:46:07 PM A message worth logging
01/08/2015 09:50:43 PM A message worth logging
01/08/2015 09:50:43 PM A message worth logging
01/08/2015 09:50:43 PM A message worth logging
01/08/2015 09:50:43 PM A message worth logging
01/08/2015 09:50:43 PM A message worth logging
01/08/2015 09:52:20 PM A message worth logging
01/08/2015 09:56:26 PM A message worth logging
01/08/2015 09:56:26 PM A message worth logging
01/08/2015 09:56:26 PM A message worth logging
01/08/2015 09:56:26 PM A message worth logging
01/08/2015 09:56:26 PM A message worth logging
01/08/2015 09:56:26 PM A message worth logging
01/08/2015 09:56:53 PM A message worth logging
01/08/2015 09:56:53 PM A message worth logging
01/08/2015 09:56:53 PM A message worth logging
01/08/2015 09:56:53 PM A message worth logging
01/08/2015 09:56:53 PM A message worth logging
01/08/2015 09:56:53 PM A message worth logging
01/08/2015 09:57:41 PM A message worth logging
01/08/2015 09:57:41 PM A message worth logging
01/08/2015 09:57:41 PM A message worth logging
01/08/2015 09:57:41 PM A message worth logging
01/08/2015 09:57:41 PM A message worth logging
01/08/2015 09:57:41 PM A message worth logging
01/08/2015 09:58:07 PM A message worth logging
01/08/2015 09:58:07 PM A message worth logging
01/08/2015 09:58:07 PM A message worth logging
01/08/2015 09:58:07 PM A message worth logging
01/08/2015 09:58:07 PM A message worth logging
01/08/2015 09:58:07 PM A message worth logging
01/08/2015 10:01:50 PM A message worth logging
01/08/2015 10:02:38 PM A message worth logging
01/08/2015 10:02:38 PM A message worth logging
01/08/2015 10:02:38 PM A message worth logging
01/08/2015 10:02:38 PM A message worth logging
01/08/2015 10:02:38 PM A message worth logging
01/08/2015 10:03:06 PM A message worth logging
01/08/2015 10:03:06 PM A message worth logging
01/08/2015 10:03:06 PM A message worth logging
01/08/2015 10:03:06 PM A message worth logging
01/08/2015 10:03:06 PM A message worth logging
01/08/2015 10:03:20 PM A message worth logging
01/08/2015 10:03:20 PM A message worth logging
01/08/2015 10:03:20 PM A message worth logging
01/08/2015 10:03:20 PM A message worth logging
01/08/2015 10:03:20 PM A message worth logging
01/08/2015 10:03:34 PM A message worth logging
01/08/2015 10:03:34 PM A message worth logging
01/08/2015 10:03:34 PM A message worth logging
01/08/2015 10:03:34 PM A message worth logging
01/08/2015 10:03:34 PM A message worth logging
01/08/2015 10:04:32 PM A message worth logging
01/08/2015 10:07:16 PM A message worth logging
01/08/2015 10:07:16 PM A message worth logging
01/08/2015 10:07:16 PM A message worth logging
01/08/2015 10:07:16 PM A message worth logging
01/08/2015 10:07:16 PM A message worth logging
01/08/2015 10:07:35 PM A message worth logging
01/08/2015 10:07:35 PM A message worth logging
01/08/2015 10:07:35 PM A message worth logging
01/08/2015 10:07:35 PM A message worth logging
01/08/2015 10:07:35 PM A message worth logging
01/08/2015 10:17:04 PM A message worth logging
01/08/2015 10:18:38 PM A message worth logging
01/08/2015 10:18:47 PM A message worth logging
01/08/2015 10:20:51 PM A message worth logging
01/08/2015 10:20:51 PM A message worth logging
01/08/2015 10:20:51 PM A message worth logging
01/08/2015 10:20:51 PM A message worth logging
01/08/2015 10:20:51 PM A message worth logging
01/08/2015 10:56:26 PM A message worth logging
01/08/2015 10:56:26 PM A message worth logging
01/08/2015 10:56:26 PM A message worth logging
01/08/2015 10:56:26 PM A message worth logging
01/08/2015 10:56:26 PM A message worth logging
01/08/2015 10:56:49 PM A message worth logging
01/08/2015 10:56:49 PM A message worth logging
01/08/2015 10:56:49 PM A message worth logging
01/08/2015 10:56:49 PM A message worth logging
01/08/2015 10:56:49 PM A message worth logging
01/08/2015 10:57:50 PM A message worth logging
01/08/2015 10:57:50 PM A message worth logging
01/08/2015 10:57:50 PM A message worth logging
01/08/2015 10:57:50 PM A message worth logging
01/08/2015 10:57:50 PM A message worth logging
01/08/2015 10:58:10 PM A message worth logging
01/08/2015 10:58:10 PM A message worth logging
01/08/2015 10:58:10 PM A message worth logging
01/08/2015 10:58:10 PM A message worth logging
01/08/2015 10:58:10 PM A message worth logging
